build/app/intermediates/manifest_merge_blame_file/debug/manifest-merger-blame-debug-report.txt
1<?xml version="1.0" encoding="utf-8"?>
2<manifest xmlns:android="http://schemas.android.com/apk/res/android"
3    package="com.jci.iq.user.app"
4    android:versionCode="9"
5    android:versionName="1.0.0" >
6
7    <uses-sdk
8        android:minSdkVersion="23"
9        android:targetSdkVersion="30" />
10    <!--
11         Flutter needs it to communicate with the running application
12         to allow setting breakpoints, to provide hot reload, etc.
13    -->
14    <uses-permission android:name="android.permission.INTERNET" />
14-->src/main/AndroidManifest.xml:19:5-66
14-->src/main/AndroidManifest.xml:19:22-64
15    <uses-permission android:name="android.permission.ACCESS_NETWORK_STATE" />
15-->[com.google.android.gms:play-services-measurement:18.0.0] AndroidManifest.xml:24:5-79
15-->[com.google.android.gms:play-services-measurement:18.0.0] AndroidManifest.xml:24:22-76
16    <uses-permission android:name="android.permission.WAKE_LOCK" />
16-->[com.google.android.gms:play-services-measurement:18.0.0] AndroidManifest.xml:25:5-68
16-->[com.google.android.gms:play-services-measurement:18.0.0] AndroidManifest.xml:25:22-65
17    <uses-permission android:name="com.google.android.finsky.permission.BIND_GET_INSTALL_REFERRER_SERVICE" /> <!-- Required by older versions of Google Play services to create IID tokens -->
17-->[com.google.android.gms:play-services-measurement:18.0.0] AndroidManifest.xml:26:5-110
17-->[com.google.android.gms:play-services-measurement:18.0.0] AndroidManifest.xml:26:22-107
18    <uses-permission android:name="com.google.android.c2dm.permission.RECEIVE" />
18-->[com.google.firebase:firebase-iid:21.0.1] AndroidManifest.xml:26:5-82
18-->[com.google.firebase:firebase-iid:21.0.1] AndroidManifest.xml:26:22-79
19
20    <application
20-->src/main/AndroidManifest.xml:21:5-65:19
21        android:name="io.flutter.app.FlutterApplication"
21-->src/main/AndroidManifest.xml:22:9-57
22        android:allowBackup="false"
22-->src/main/AndroidManifest.xml:25:9-36
23        android:appComponentFactory="androidx.core.app.CoreComponentFactory"
23-->[androidx.core:core:1.1.0] AndroidManifest.xml:24:18-86
24        android:debuggable="true"
25        android:fullBackupContent="false"
25-->src/main/AndroidManifest.xml:26:9-42
26        android:icon="@mipmap/ic_launcher"
26-->src/main/AndroidManifest.xml:24:9-43
27        android:label="Qolsys" >
27-->src/main/AndroidManifest.xml:23:9-31
28        <activity
28-->src/main/AndroidManifest.xml:27:9-59:20
29            android:name="com.jci.iq.user.app.MainActivity"
29-->src/main/AndroidManifest.xml:28:13-41
30            android:configChanges="orientation|keyboardHidden|keyboard|screenSize|smallestScreenSize|locale|layoutDirection|fontScale|screenLayout|density|uiMode"
30-->src/main/AndroidManifest.xml:31:13-163
31            android:hardwareAccelerated="true"
31-->src/main/AndroidManifest.xml:32:13-47
32            android:launchMode="singleTop"
32-->src/main/AndroidManifest.xml:29:13-43
33            android:theme="@style/LaunchTheme"
33-->src/main/AndroidManifest.xml:30:13-47
34            android:windowSoftInputMode="adjustResize" >
34-->src/main/AndroidManifest.xml:33:13-55
35
36            <!--
37                 Specifies an Android theme to apply to this Activity as soon as
38                 the Android process has started. This theme is visible to the user
39                 while the Flutter UI initializes. After that, this theme continues
40                 to determine the Window background behind the Flutter UI.
41            -->
42            <meta-data
42-->src/main/AndroidManifest.xml:38:13-41:17
43                android:name="io.flutter.embedding.android.NormalTheme"
43-->src/main/AndroidManifest.xml:39:15-70
44                android:resource="@style/NormalTheme" />
44-->src/main/AndroidManifest.xml:40:15-52
45            <!--
46                 Displays an Android View that continues showing the launch screen
47                 Drawable until Flutter paints its first frame, then this splash
48                 screen fades out. A splash screen is useful to avoid any visual
49                 gap between the end of Android's launch screen and the painting of
50                 Flutter's first frame.
51            -->
52            <meta-data
52-->src/main/AndroidManifest.xml:47:13-50:17
53                android:name="io.flutter.embedding.android.SplashScreenDrawable"
53-->src/main/AndroidManifest.xml:48:15-79
54                android:resource="@drawable/launch_background" />
54-->src/main/AndroidManifest.xml:49:15-61
55
56            <intent-filter>
56-->src/main/AndroidManifest.xml:51:13-54:29
57                <action android:name="android.intent.action.MAIN" />
57-->src/main/AndroidManifest.xml:52:17-68
57-->src/main/AndroidManifest.xml:52:25-66
58
59                <category android:name="android.intent.category.LAUNCHER" />
59-->src/main/AndroidManifest.xml:53:17-76
59-->src/main/AndroidManifest.xml:53:27-74
60            </intent-filter>
61            <intent-filter>
61-->src/main/AndroidManifest.xml:55:13-58:29
62                <action android:name="FLUTTER_NOTIFICATION_CLICK" />
62-->src/main/AndroidManifest.xml:56:17-69
62-->src/main/AndroidManifest.xml:56:25-66
63
64                <category android:name="android.intent.category.DEFAULT" />
64-->src/main/AndroidManifest.xml:57:17-76
64-->src/main/AndroidManifest.xml:57:27-73
65            </intent-filter>
66        </activity>
67        <!--
68             Don't delete the meta-data below.
69             This is used by the Flutter tool to generate GeneratedPluginRegistrant.java
70        -->
71        <meta-data
71-->src/main/AndroidManifest.xml:62:9-64:33
72            android:name="flutterEmbedding"
72-->src/main/AndroidManifest.xml:63:13-44
73            android:value="2" />
73-->src/main/AndroidManifest.xml:64:13-30
74
75        <service
75-->[:firebase_crashlytics] AndroidManifest.xml:8:9-12:19
76            android:name="com.google.firebase.components.ComponentDiscoveryService"
76-->[:firebase_crashlytics] AndroidManifest.xml:8:18-89
77            android:directBootAware="true"
77-->[com.google.firebase:firebase-common:19.5.0] AndroidManifest.xml:35:13-43
78            android:exported="false" >
78-->[com.google.firebase:firebase-messaging:21.0.1] AndroidManifest.xml:38:13-37
79            <meta-data
79-->[:firebase_crashlytics] AndroidManifest.xml:9:13-11:85
80                android:name="com.google.firebase.components:io.flutter.plugins.firebase.crashlytics.FlutterFirebaseAppRegistrar"
80-->[:firebase_crashlytics] AndroidManifest.xml:10:17-130
81                android:value="com.google.firebase.components.ComponentRegistrar" />
81-->[:firebase_crashlytics] AndroidManifest.xml:11:17-82
82            <meta-data
82-->[:firebase_messaging] AndroidManifest.xml:14:13-16:85
83                android:name="com.google.firebase.components:io.flutter.plugins.firebasemessaging.FlutterFirebaseAppRegistrar"
83-->[:firebase_messaging] AndroidManifest.xml:15:17-127
84                android:value="com.google.firebase.components.ComponentRegistrar" />
84-->[:firebase_messaging] AndroidManifest.xml:16:17-82
85            <meta-data
85-->[:firebase_core] AndroidManifest.xml:9:13-11:85
86                android:name="com.google.firebase.components:io.flutter.plugins.firebase.core.FlutterFirebaseCoreRegistrar"
86-->[:firebase_core] AndroidManifest.xml:10:17-124
87                android:value="com.google.firebase.components.ComponentRegistrar" />
87-->[:firebase_core] AndroidManifest.xml:11:17-82
88            <meta-data
88-->[com.google.firebase:firebase-messaging:21.0.1] AndroidManifest.xml:39:13-41:85
89                android:name="com.google.firebase.components:com.google.firebase.messaging.FirebaseMessagingRegistrar"
89-->[com.google.firebase:firebase-messaging:21.0.1] AndroidManifest.xml:40:17-119
90                android:value="com.google.firebase.components.ComponentRegistrar" />
90-->[com.google.firebase:firebase-messaging:21.0.1] AndroidManifest.xml:41:17-82
91            <meta-data
91-->[com.google.android.gms:play-services-measurement-api:18.0.0] AndroidManifest.xml:30:13-32:85
92                android:name="com.google.firebase.components:com.google.firebase.analytics.connector.internal.AnalyticsConnectorRegistrar"
92-->[com.google.android.gms:play-services-measurement-api:18.0.0] AndroidManifest.xml:31:17-139
93                android:value="com.google.firebase.components.ComponentRegistrar" />
93-->[com.google.android.gms:play-services-measurement-api:18.0.0] AndroidManifest.xml:32:17-82
94            <meta-data
94-->[com.google.firebase:firebase-iid:21.0.1] AndroidManifest.xml:32:13-34:85
95                android:name="com.google.firebase.components:com.google.firebase.iid.Registrar"
95-->[com.google.firebase:firebase-iid:21.0.1] AndroidManifest.xml:33:17-96
96                android:value="com.google.firebase.components.ComponentRegistrar" />
96-->[com.google.firebase:firebase-iid:21.0.1] AndroidManifest.xml:34:17-82
97            <meta-data
97-->[com.google.firebase:firebase-crashlytics:17.3.0] AndroidManifest.xml:18:13-20:85
98                android:name="com.google.firebase.components:com.google.firebase.crashlytics.CrashlyticsRegistrar"
98-->[com.google.firebase:firebase-crashlytics:17.3.0] AndroidManifest.xml:19:17-115
99                android:value="com.google.firebase.components.ComponentRegistrar" />
99-->[com.google.firebase:firebase-crashlytics:17.3.0] AndroidManifest.xml:20:17-82
100            <meta-data
100-->[com.google.firebase:firebase-datatransport:17.0.10] AndroidManifest.xml:28:13-30:85
101                android:name="com.google.firebase.components:com.google.firebase.datatransport.TransportRegistrar"
101-->[com.google.firebase:firebase-datatransport:17.0.10] AndroidManifest.xml:29:17-115
102                android:value="com.google.firebase.components.ComponentRegistrar" />
102-->[com.google.firebase:firebase-datatransport:17.0.10] AndroidManifest.xml:30:17-82
103            <meta-data
103-->[com.google.firebase:firebase-installations:16.3.5] AndroidManifest.xml:18:13-20:85
104                android:name="com.google.firebase.components:com.google.firebase.installations.FirebaseInstallationsRegistrar"
104-->[com.google.firebase:firebase-installations:16.3.5] AndroidManifest.xml:19:17-127
105                android:value="com.google.firebase.components.ComponentRegistrar" />
105-->[com.google.firebase:firebase-installations:16.3.5] AndroidManifest.xml:20:17-82
106            <!--
107                This registrar is not defined in the dynamic-module-support sdk itself to allow non-firebase
108                clients to use it as well, by defining this registrar in their own core/common library.
109            -->
110            <meta-data
110-->[com.google.firebase:firebase-common:19.5.0] AndroidManifest.xml:43:13-45:85
111                android:name="com.google.firebase.components:com.google.firebase.dynamicloading.DynamicLoadingRegistrar"
111-->[com.google.firebase:firebase-common:19.5.0] AndroidManifest.xml:44:17-121
112                android:value="com.google.firebase.components.ComponentRegistrar" />
112-->[com.google.firebase:firebase-common:19.5.0] AndroidManifest.xml:45:17-82
113        </service>
114        <service android:name="io.flutter.plugins.firebasemessaging.FlutterFirebaseMessagingService" >
114-->[:firebase_messaging] AndroidManifest.xml:8:9-12:19
114-->[:firebase_messaging] AndroidManifest.xml:8:18-101
115            <intent-filter>
115-->[:firebase_messaging] AndroidManifest.xml:9:13-11:29
116                <action android:name="com.google.firebase.MESSAGING_EVENT" />
116-->[:firebase_messaging] AndroidManifest.xml:10:17-78
116-->[:firebase_messaging] AndroidManifest.xml:10:25-75
117            </intent-filter>
118        </service>
119        <!--
120             FirebaseMessagingService performs security checks at runtime,
121             but set to not exported to explicitly avoid allowing another app to call it.
122        -->
123        <service
123-->[com.google.firebase:firebase-messaging:21.0.1] AndroidManifest.xml:28:9-35:19
124            android:name="com.google.firebase.messaging.FirebaseMessagingService"
124-->[com.google.firebase:firebase-messaging:21.0.1] AndroidManifest.xml:29:13-82
125            android:directBootAware="true"
125-->[com.google.firebase:firebase-messaging:21.0.1] AndroidManifest.xml:30:13-43
126            android:exported="false" >
126-->[com.google.firebase:firebase-messaging:21.0.1] AndroidManifest.xml:31:13-37
127            <intent-filter android:priority="-500" >
127-->[:firebase_messaging] AndroidManifest.xml:9:13-11:29
128                <action android:name="com.google.firebase.MESSAGING_EVENT" />
128-->[:firebase_messaging] AndroidManifest.xml:10:17-78
128-->[:firebase_messaging] AndroidManifest.xml:10:25-75
129            </intent-filter>
130        </service>
131
132        <receiver
132-->[com.google.android.gms:play-services-measurement:18.0.0] AndroidManifest.xml:29:9-33:20
133            android:name="com.google.android.gms.measurement.AppMeasurementReceiver"
133-->[com.google.android.gms:play-services-measurement:18.0.0] AndroidManifest.xml:30:13-85
134            android:enabled="true"
134-->[com.google.android.gms:play-services-measurement:18.0.0] AndroidManifest.xml:31:13-35
135            android:exported="false" >
135-->[com.google.android.gms:play-services-measurement:18.0.0] AndroidManifest.xml:32:13-37
136        </receiver>
137
138        <service
138-->[com.google.android.gms:play-services-measurement:18.0.0] AndroidManifest.xml:35:9-38:40
139            android:name="com.google.android.gms.measurement.AppMeasurementService"
139-->[com.google.android.gms:play-services-measurement:18.0.0] AndroidManifest.xml:36:13-84
140            android:enabled="true"
140-->[com.google.android.gms:play-services-measurement:18.0.0] AndroidManifest.xml:37:13-35
141            android:exported="false" />
141-->[com.google.android.gms:play-services-measurement:18.0.0] AndroidManifest.xml:38:13-37
142        <service
142-->[com.google.android.gms:play-services-measurement:18.0.0] AndroidManifest.xml:39:9-43:72
143            android:name="com.google.android.gms.measurement.AppMeasurementJobService"
143-->[com.google.android.gms:play-services-measurement:18.0.0] AndroidManifest.xml:40:13-87
144            android:enabled="true"
144-->[com.google.android.gms:play-services-measurement:18.0.0] AndroidManifest.xml:41:13-35
145            android:exported="false"
145-->[com.google.android.gms:play-services-measurement:18.0.0] AndroidManifest.xml:42:13-37
146            android:permission="android.permission.BIND_JOB_SERVICE" />
146-->[com.google.android.gms:play-services-measurement:18.0.0] AndroidManifest.xml:43:13-69
147
148        <receiver
148-->[com.google.firebase:firebase-iid:21.0.1] AndroidManifest.xml:37:9-44:20
149            android:name="com.google.firebase.iid.FirebaseInstanceIdReceiver"
149-->[com.google.firebase:firebase-iid:21.0.1] AndroidManifest.xml:38:13-78
150            android:exported="true"
150-->[com.google.firebase:firebase-iid:21.0.1] AndroidManifest.xml:39:13-36
151            android:permission="com.google.android.c2dm.permission.SEND" >
151-->[com.google.firebase:firebase-iid:21.0.1] AndroidManifest.xml:40:13-73
152            <intent-filter>
152-->[com.google.firebase:firebase-iid:21.0.1] AndroidManifest.xml:41:13-43:29
153                <action android:name="com.google.android.c2dm.intent.RECEIVE" />
153-->[com.google.firebase:firebase-iid:21.0.1] AndroidManifest.xml:42:17-81
153-->[com.google.firebase:firebase-iid:21.0.1] AndroidManifest.xml:42:25-78
154            </intent-filter>
155        </receiver>
156
157        <provider
157-->[com.google.firebase:firebase-common:19.5.0] AndroidManifest.xml:26:9-31:39
158            android:name="com.google.firebase.provider.FirebaseInitProvider"
158-->[com.google.firebase:firebase-common:19.5.0] AndroidManifest.xml:27:13-77
159            android:authorities="com.jci.iq.user.app.firebaseinitprovider"
159-->[com.google.firebase:firebase-common:19.5.0] AndroidManifest.xml:28:13-72
160            android:directBootAware="true"
160-->[com.google.firebase:firebase-common:19.5.0] AndroidManifest.xml:29:13-43
161            android:exported="false"
161-->[com.google.firebase:firebase-common:19.5.0] AndroidManifest.xml:30:13-37
162            android:initOrder="100" />
162-->[com.google.firebase:firebase-common:19.5.0] AndroidManifest.xml:31:13-36
163
164        <activity
164-->[com.google.android.gms:play-services-base:17.0.0] AndroidManifest.xml:23:9-26:75
165            android:name="com.google.android.gms.common.api.GoogleApiActivity"
165-->[com.google.android.gms:play-services-base:17.0.0] AndroidManifest.xml:24:13-79
166            android:exported="false"
166-->[com.google.android.gms:play-services-base:17.0.0] AndroidManifest.xml:25:13-37
167            android:theme="@android:style/Theme.Translucent.NoTitleBar" />
167-->[com.google.android.gms:play-services-base:17.0.0] AndroidManifest.xml:26:13-72
168
169        <meta-data
169-->[com.google.android.gms:play-services-basement:17.0.0] AndroidManifest.xml:23:9-25:69
170            android:name="com.google.android.gms.version"
170-->[com.google.android.gms:play-services-basement:17.0.0] AndroidManifest.xml:24:13-58
171            android:value="@integer/google_play_services_version" />
171-->[com.google.android.gms:play-services-basement:17.0.0] AndroidManifest.xml:25:13-66
172
173        <service
173-->[com.google.android.datatransport:transport-backend-cct:2.3.3] AndroidManifest.xml:29:9-35:19
174            android:name="com.google.android.datatransport.runtime.backends.TransportBackendDiscovery"
174-->[com.google.android.datatransport:transport-backend-cct:2.3.3] AndroidManifest.xml:30:13-103
175            android:exported="false" >
175-->[com.google.android.datatransport:transport-backend-cct:2.3.3] AndroidManifest.xml:31:13-37
176            <meta-data
176-->[com.google.android.datatransport:transport-backend-cct:2.3.3] AndroidManifest.xml:32:13-34:39
177                android:name="backend:com.google.android.datatransport.cct.CctBackendFactory"
177-->[com.google.android.datatransport:transport-backend-cct:2.3.3] AndroidManifest.xml:33:17-94
178                android:value="cct" />
178-->[com.google.android.datatransport:transport-backend-cct:2.3.3] AndroidManifest.xml:34:17-36
179        </service>
180        <service
180-->[com.google.android.datatransport:transport-runtime:2.2.5] AndroidManifest.xml:26:9-30:19
181            android:name="com.google.android.datatransport.runtime.scheduling.jobscheduling.JobInfoSchedulerService"
181-->[com.google.android.datatransport:transport-runtime:2.2.5] AndroidManifest.xml:27:13-117
182            android:exported="false"
182-->[com.google.android.datatransport:transport-runtime:2.2.5] AndroidManifest.xml:28:13-37
183            android:permission="android.permission.BIND_JOB_SERVICE" >
183-->[com.google.android.datatransport:transport-runtime:2.2.5] AndroidManifest.xml:29:13-69
184        </service>
185
186        <receiver
186-->[com.google.android.datatransport:transport-runtime:2.2.5] AndroidManifest.xml:32:9-34:40
187            android:name="com.google.android.datatransport.runtime.scheduling.jobscheduling.AlarmManagerSchedulerBroadcastReceiver"
187-->[com.google.android.datatransport:transport-runtime:2.2.5] AndroidManifest.xml:33:13-132
188            android:exported="false" />
188-->[com.google.android.datatransport:transport-runtime:2.2.5] AndroidManifest.xml:34:13-37
189    </application>
190
191</manifest>